12-11-2017 08:01:36,074 16332:1 DEBUG [com.kas.q.server.KasqServer] KasqRunner::init() - IN
12-11-2017 08:01:36,075 16332:1 INFO  [com.kas.q.server.KasqServer] KAS/Q initialization in progress...
12-11-2017 08:01:36,081 16332:1 DEBUG [com.kas.q.server.KasqRepository] KasqRepository::init() - IN
12-11-2017 08:01:36,081 16332:1 DEBUG [com.kas.q.server.KasqRepository] KasqRepository::define() - IN
12-11-2017 08:01:36,082 16332:1 INFO  [com.kas.q.server.KasqRepository] Define queue with name=[local.dead] at manager=[qmgr]
12-11-2017 08:01:36,084 16332:1 DEBUG [com.kas.q.KasqDestination] KasqQueue::init() - IN, name=[local.dead]
12-11-2017 08:01:36,089 16332:1 INFO  [com.kas.q.KasqDestination] Starting initialization for local.dead
12-11-2017 08:01:36,090 16332:1 DEBUG [com.kas.q.KasqDestination] KasqQueue::init() - Check if backup file exists. Backup file=[C:\dev\kas\kas-q-server/repo/local.dead]...
12-11-2017 08:01:36,090 16332:1 DEBUG [com.kas.q.KasqDestination] KasqQueue::init() - OUT, Returns=true
12-11-2017 08:01:36,091 16332:1 DEBUG [com.kas.q.server.KasqRepository] KasqRepository::define() - OUT, Returns=true
12-11-2017 08:01:36,091 16332:1 DEBUG [com.kas.q.server.KasqRepository] KasqRepository::define() - IN
12-11-2017 08:01:36,092 16332:1 INFO  [com.kas.q.server.KasqRepository] Define queue with name=[local.admin] at manager=[qmgr]
12-11-2017 08:01:36,092 16332:1 DEBUG [com.kas.q.KasqDestination] KasqQueue::init() - IN, name=[local.admin]
12-11-2017 08:01:36,093 16332:1 INFO  [com.kas.q.KasqDestination] Starting initialization for local.admin
12-11-2017 08:01:36,093 16332:1 DEBUG [com.kas.q.KasqDestination] KasqQueue::init() - Check if backup file exists. Backup file=[C:\dev\kas\kas-q-server/repo/local.admin]...
12-11-2017 08:01:36,094 16332:1 DEBUG [com.kas.q.KasqDestination] KasqQueue::init() - OUT, Returns=true
12-11-2017 08:01:36,094 16332:1 DEBUG [com.kas.q.server.KasqRepository] KasqRepository::define() - OUT, Returns=true
12-11-2017 08:01:36,097 16332:1 DEBUG [com.kas.q.server.KasqRepository] KasqRepository::init() - OUT, Returns=true
12-11-2017 08:01:36,097 16332:1 DEBUG [com.kas.q.server.KasqServer] KasqRunner::init() - OUT, Returns=true
12-11-2017 08:01:36,098 16332:1 DEBUG [com.kas.q.server.KasqServer] KasqRunner::run() - IN
12-11-2017 08:01:36,100 16332:1 INFO  [com.kas.q.server.KasqServer] KAS/Q qmgr V1-0-1-254 started on 12-11-2017
12-11-2017 08:01:36,101 16332:1 INFO  [com.kas.q.server.KasqServer] ===========================================
12-11-2017 08:01:36,103 16332:1 TRACE [com.kas.q.server.KasqServer] <MainConfiguration>(
  Initialized=true
  ConfigDir=C:\dev\kas\kas-q-server/conf
  MonitoringDelay=10000 MilliSeconds
  MonitoringInterval=15000 MilliSeconds
  Properties=(<Properties>(
    kas.logging.appender.file.logLevel=DEBUG
    kas.q.queueDispatch.interval=10000
    kas.q.port=14560
    kas.logging.appender.stderr.enabled=true
    kas.logging.appender.stdout.enabled=true
    kas.logging.appender.file.maxWriteErrors=10
    kas.q.queueDispatch.delay=10000
    kas.logging.enabled=true
    kas.logging.appender.file.archive.sizeTestRate=20
    kas.container.messaging.sessions.map.size=10
    kas.q.enabled=true
    kas.logging.appender.file.enabled=true
    kas.logging.appender.file.flushRate=1
    kas.logging.appender.stdout.logLevel=DEBUG
    kas.container.messaging.topics.map.size=200
    kas.q.managerName=qmgr
    kas.q.remoteManager.qmgr1.port=14560
    kas.logging.appender.file.fileNamePattern=kas-%u-%d.log
    kas.logging.logger.com.kas.appender=file
    kas.q.remoteManager.qmgr1.host=10.100.102.31
    kas.container.messaging.queues.map.size=200
    kas.q.adminq=local.admin
    kas.q.deadq=local.dead
    kas.q.remoteManager.qmgr1.xmitq=remote.xmit.qmgr1
    kas.q.locator.port=14580
    kas.q.remoteManager.qmgr1.enabled=true
    kas.config.delay=10000
    kas.logging.appender.stderr.logLevel=ERROR
    kas.logging.appender.file.archive.maxFileSizeMb=10
    kas.config.interval=15000
    kas.logging.appender.file.archive.maxGenerations=5
    kas.include=C:\dev\kas\kas-q-server/conf/internal/logging.properties,C:\dev\kas\kas-q-server/conf/internal/messaging.properties,C:\dev\kas\kas-q-server/conf/kas.properties
  ))
  ConfigTask=(<ConfigTask>(
    MonitoredFiles=(
      C:\dev\kas\kas-q-server/conf/internal/messaging.properties=-1
      C:\dev\kas\kas-q-server/conf/kas.properties=-1
      C:\dev\kas\kas-q-server/conf/internal/logging.properties=-1
    )
  ))
  Listeners=(
    <ContainersConfiguration>
    <MessagingConfiguration>
    <LoggingConfiguration>
  )
)

12-11-2017 08:01:36,103 16332:1 TRACE [com.kas.q.server.KasqServer] Awaiting client connections...
12-11-2017 08:01:41,984 16332:1 INFO  [com.kas.q.server.KasqServer] New connection accepted: Socket[addr=/127.0.0.1,port=53468,localport=14560]
12-11-2017 08:01:42,032 16332:1 DEBUG [com.kas.q.server.internal.ClientHandlerManager] ClientHandlerManager::onHandlerStart() - IN
12-11-2017 08:01:42,033 16332:1 DEBUG [com.kas.q.server.internal.ClientHandlerManager] ClientHandlerManager::onHandlerStart() - OUT
12-11-2017 08:01:42,033 16332:1 TRACE [com.kas.q.server.KasqServer] Awaiting client connections...
12-11-2017 08:01:42,034 16332:13 DEBUG [com.kas.q.server.internal.ClientHandler] ClientHandler::run() - IN
12-11-2017 08:01:42,034 16332:13 TRACE [com.kas.q.server.internal.ClientHandler] Handling client connection from: <Messenger>(
  Host=127.0.0.1
  Port=53468
  Connected=true
)

12-11-2017 08:01:42,035 16332:13 DEBUG [com.kas.q.server.internal.ClientHandler] ClientHandler::authenticate() - IN
12-11-2017 08:01:42,176 16332:13 DEBUG [com.kas.q.server.internal.ClientHandler] ClientHandler::authenticate() - Got a message: <AuthenticateRequestMessage>(
  MessageId=[68db9165-513a-4738-ac04-2f0953459682]
  CorrelationId=[00000000-0000-0000-0000-000000000000]
  UserName=kas
  Password=kas
)

12-11-2017 08:01:42,326 16332:13 DEBUG [com.kas.q.server.internal.ClientHandler] ClientHandler::authenticate() - Send message: <ResponseMessage>(
  MessageId=[54486ca0-6aa3-47da-948e-096119d59c30]
  CorrelationId=[68db9165-513a-4738-ac04-2f0953459682]
  Code=0
  Reason=[null]
)

12-11-2017 08:01:42,330 16332:13 DEBUG [com.kas.q.server.internal.ClientHandler] ClientHandler::authenticate() - OUT, Result=true
12-11-2017 08:01:42,330 16332:13 TRACE [com.kas.q.server.internal.ClientHandler] Awaiting client to send messages..
12-11-2017 08:02:33,351 16332:13 TRACE [com.kas.q.server.internal.ClientHandler] I/O Exception caught. Message: IOException caught, Message: Connection reset
12-11-2017 08:02:33,352 16332:13 DEBUG [com.kas.comm.impl.Messenger] Messenger::cleanup() - IN
12-11-2017 08:02:33,353 16332:13 DEBUG [com.kas.comm.impl.Messenger] Messenger::cleanup() - OUT
12-11-2017 08:02:33,353 16332:13 DEBUG [com.kas.q.server.internal.ClientHandlerManager] ClientHandlerManager::onHandlerStop() - IN
12-11-2017 08:02:33,354 16332:13 DEBUG [com.kas.q.server.internal.ClientHandlerManager] ClientHandlerManager::onHandlerStop() - OUT
12-11-2017 08:02:33,355 16332:13 DEBUG [com.kas.q.server.internal.ClientHandler] ClientHandler::run() - OUT
12-11-2017 08:02:38,348 16332:1 INFO  [com.kas.q.server.KasqServer] New connection accepted: Socket[addr=/127.0.0.1,port=53481,localport=14560]
12-11-2017 08:02:38,350 16332:1 DEBUG [com.kas.q.server.internal.ClientHandlerManager] ClientHandlerManager::onHandlerStart() - IN
12-11-2017 08:02:38,351 16332:1 DEBUG [com.kas.q.server.internal.ClientHandlerManager] ClientHandlerManager::onHandlerStart() - OUT
12-11-2017 08:02:38,352 16332:1 TRACE [com.kas.q.server.KasqServer] Awaiting client connections...
12-11-2017 08:02:38,352 16332:13 DEBUG [com.kas.q.server.internal.ClientHandler] ClientHandler::run() - IN
12-11-2017 08:02:38,352 16332:13 TRACE [com.kas.q.server.internal.ClientHandler] Handling client connection from: <Messenger>(
  Host=127.0.0.1
  Port=53481
  Connected=true
)

12-11-2017 08:02:38,353 16332:13 DEBUG [com.kas.q.server.internal.ClientHandler] ClientHandler::authenticate() - IN
12-11-2017 08:02:38,531 16332:13 DEBUG [com.kas.q.server.internal.ClientHandler] ClientHandler::authenticate() - Got a message: <AuthenticateRequestMessage>(
  MessageId=[2bc1acf3-fe65-4f25-8a8f-f4d5f716bbbb]
  CorrelationId=[00000000-0000-0000-0000-000000000000]
  UserName=kas
  Password=kas
)

12-11-2017 08:02:38,531 16332:13 DEBUG [com.kas.q.server.internal.ClientHandler] ClientHandler::authenticate() - Send message: <ResponseMessage>(
  MessageId=[ed3c4b3b-c1f3-4f79-bcf3-34a392128bd4]
  CorrelationId=[2bc1acf3-fe65-4f25-8a8f-f4d5f716bbbb]
  Code=0
  Reason=[null]
)

12-11-2017 08:02:38,532 16332:13 DEBUG [com.kas.q.server.internal.ClientHandler] ClientHandler::authenticate() - OUT, Result=true
12-11-2017 08:02:38,532 16332:13 TRACE [com.kas.q.server.internal.ClientHandler] Awaiting client to send messages..
12-11-2017 08:03:38,576 16332:13 TRACE [com.kas.q.server.internal.ClientHandler] I/O Exception caught. Message: IOException caught, Message: Connection reset
12-11-2017 08:03:38,577 16332:13 DEBUG [com.kas.comm.impl.Messenger] Messenger::cleanup() - IN
12-11-2017 08:03:38,578 16332:13 DEBUG [com.kas.comm.impl.Messenger] Messenger::cleanup() - OUT
12-11-2017 08:03:38,578 16332:13 DEBUG [com.kas.q.server.internal.ClientHandlerManager] ClientHandlerManager::onHandlerStop() - IN
12-11-2017 08:03:38,578 16332:13 DEBUG [com.kas.q.server.internal.ClientHandlerManager] ClientHandlerManager::onHandlerStop() - OUT
12-11-2017 08:03:38,578 16332:13 DEBUG [com.kas.q.server.internal.ClientHandler] ClientHandler::run() - OUT
12-11-2017 09:08:29,563 16332:1 INFO  [com.kas.q.server.KasqServer] New connection accepted: Socket[addr=/127.0.0.1,port=59366,localport=14560]
12-11-2017 09:08:29,565 16332:1 DEBUG [com.kas.q.server.internal.ClientHandlerManager] ClientHandlerManager::onHandlerStart() - IN
12-11-2017 09:08:29,566 16332:1 DEBUG [com.kas.q.server.internal.ClientHandlerManager] ClientHandlerManager::onHandlerStart() - OUT
12-11-2017 09:08:29,567 16332:1 TRACE [com.kas.q.server.KasqServer] Awaiting client connections...
12-11-2017 09:08:29,567 16332:13 DEBUG [com.kas.q.server.internal.ClientHandler] ClientHandler::run() - IN
12-11-2017 09:08:29,568 16332:13 TRACE [com.kas.q.server.internal.ClientHandler] Handling client connection from: <Messenger>(
  Host=127.0.0.1
  Port=59366
  Connected=true
)

12-11-2017 09:08:29,568 16332:13 DEBUG [com.kas.q.server.internal.ClientHandler] ClientHandler::authenticate() - IN
12-11-2017 09:08:29,746 16332:13 DEBUG [com.kas.q.server.internal.ClientHandler] ClientHandler::authenticate() - Got a message: <AuthenticateRequestMessage>(
  MessageId=[be6b88f8-58a2-4ccf-bb44-b889283411f5]
  CorrelationId=[00000000-0000-0000-0000-000000000000]
  UserName=kas
  Password=kas
)

12-11-2017 09:08:29,747 16332:13 DEBUG [com.kas.q.server.internal.ClientHandler] ClientHandler::authenticate() - Send message: <ResponseMessage>(
  MessageId=[9cb6767e-c66f-4941-a527-30510ebc18b3]
  CorrelationId=[be6b88f8-58a2-4ccf-bb44-b889283411f5]
  Code=0
  Reason=[null]
)

12-11-2017 09:08:29,748 16332:13 DEBUG [com.kas.q.server.internal.ClientHandler] ClientHandler::authenticate() - OUT, Result=true
12-11-2017 09:08:29,748 16332:13 TRACE [com.kas.q.server.internal.ClientHandler] Awaiting client to send messages..
12-11-2017 09:08:37,701 16332:13 TRACE [com.kas.q.server.internal.ClientHandler] I/O Exception caught. Message: IOException caught, Message: Connection reset
12-11-2017 09:08:37,702 16332:13 DEBUG [com.kas.comm.impl.Messenger] Messenger::cleanup() - IN
12-11-2017 09:08:37,703 16332:13 DEBUG [com.kas.comm.impl.Messenger] Messenger::cleanup() - OUT
12-11-2017 09:08:37,703 16332:13 DEBUG [com.kas.q.server.internal.ClientHandlerManager] ClientHandlerManager::onHandlerStop() - IN
12-11-2017 09:08:37,704 16332:13 DEBUG [com.kas.q.server.internal.ClientHandlerManager] ClientHandlerManager::onHandlerStop() - OUT
12-11-2017 09:08:37,704 16332:13 DEBUG [com.kas.q.server.internal.ClientHandler] ClientHandler::run() - OUT
12-11-2017 09:09:06,117 16332:1 INFO  [com.kas.q.server.KasqServer] New connection accepted: Socket[addr=/127.0.0.1,port=59367,localport=14560]
12-11-2017 09:09:06,119 16332:1 DEBUG [com.kas.q.server.internal.ClientHandlerManager] ClientHandlerManager::onHandlerStart() - IN
12-11-2017 09:09:06,120 16332:1 DEBUG [com.kas.q.server.internal.ClientHandlerManager] ClientHandlerManager::onHandlerStart() - OUT
12-11-2017 09:09:06,120 16332:1 TRACE [com.kas.q.server.KasqServer] Awaiting client connections...
12-11-2017 09:09:06,120 16332:13 DEBUG [com.kas.q.server.internal.ClientHandler] ClientHandler::run() - IN
12-11-2017 09:09:06,121 16332:13 TRACE [com.kas.q.server.internal.ClientHandler] Handling client connection from: <Messenger>(
  Host=127.0.0.1
  Port=59367
  Connected=true
)

12-11-2017 09:09:06,121 16332:13 DEBUG [com.kas.q.server.internal.ClientHandler] ClientHandler::authenticate() - IN
12-11-2017 09:09:06,302 16332:13 DEBUG [com.kas.q.server.internal.ClientHandler] ClientHandler::authenticate() - Got a message: <AuthenticateRequestMessage>(
  MessageId=[46f18d12-b322-4a20-8a76-9688140bb29d]
  CorrelationId=[00000000-0000-0000-0000-000000000000]
  UserName=kas
  Password=kas
)

12-11-2017 09:09:06,302 16332:13 DEBUG [com.kas.q.server.internal.ClientHandler] ClientHandler::authenticate() - Send message: <ResponseMessage>(
  MessageId=[5d820982-08ec-4e9c-bef3-7fed118b4e86]
  CorrelationId=[46f18d12-b322-4a20-8a76-9688140bb29d]
  Code=0
  Reason=[null]
)

12-11-2017 09:09:06,303 16332:13 DEBUG [com.kas.q.server.internal.ClientHandler] ClientHandler::authenticate() - OUT, Result=true
12-11-2017 09:09:06,303 16332:13 TRACE [com.kas.q.server.internal.ClientHandler] Awaiting client to send messages..
12-11-2017 09:09:36,351 16332:13 TRACE [com.kas.q.server.internal.ClientHandler] I/O Exception caught. Message: IOException caught, Message: Connection reset
12-11-2017 09:09:36,352 16332:13 DEBUG [com.kas.comm.impl.Messenger] Messenger::cleanup() - IN
12-11-2017 09:09:36,352 16332:13 DEBUG [com.kas.comm.impl.Messenger] Messenger::cleanup() - OUT
12-11-2017 09:09:36,353 16332:13 DEBUG [com.kas.q.server.internal.ClientHandlerManager] ClientHandlerManager::onHandlerStop() - IN
12-11-2017 09:09:36,353 16332:13 DEBUG [com.kas.q.server.internal.ClientHandlerManager] ClientHandlerManager::onHandlerStop() - OUT
12-11-2017 09:09:36,353 16332:13 DEBUG [com.kas.q.server.internal.ClientHandler] ClientHandler::run() - OUT
12-11-2017 09:13:58,044 16332:1 INFO  [com.kas.q.server.KasqServer] New connection accepted: Socket[addr=/127.0.0.1,port=59389,localport=14560]
12-11-2017 09:13:58,046 16332:1 DEBUG [com.kas.q.server.internal.ClientHandlerManager] ClientHandlerManager::onHandlerStart() - IN
12-11-2017 09:13:58,046 16332:1 DEBUG [com.kas.q.server.internal.ClientHandlerManager] ClientHandlerManager::onHandlerStart() - OUT
12-11-2017 09:13:58,047 16332:1 TRACE [com.kas.q.server.KasqServer] Awaiting client connections...
12-11-2017 09:13:58,047 16332:13 DEBUG [com.kas.q.server.internal.ClientHandler] ClientHandler::run() - IN
12-11-2017 09:13:58,047 16332:13 TRACE [com.kas.q.server.internal.ClientHandler] Handling client connection from: <Messenger>(
  Host=127.0.0.1
  Port=59389
  Connected=true
)

12-11-2017 09:13:58,048 16332:13 DEBUG [com.kas.q.server.internal.ClientHandler] ClientHandler::authenticate() - IN
12-11-2017 09:13:58,230 16332:13 DEBUG [com.kas.q.server.internal.ClientHandler] ClientHandler::authenticate() - Got a message: <AuthenticateRequestMessage>(
  MessageId=[c2e9957b-6127-461a-b90b-d0b0214b323d]
  CorrelationId=[00000000-0000-0000-0000-000000000000]
  UserName=kas
  Password=kas
)

12-11-2017 09:13:58,231 16332:13 DEBUG [com.kas.q.server.internal.ClientHandler] ClientHandler::authenticate() - Send message: <ResponseMessage>(
  MessageId=[ed3db501-4f65-4e1c-a887-c4fcb35a063a]
  CorrelationId=[c2e9957b-6127-461a-b90b-d0b0214b323d]
  Code=0
  Reason=[null]
)

12-11-2017 09:13:58,231 16332:13 DEBUG [com.kas.q.server.internal.ClientHandler] ClientHandler::authenticate() - OUT, Result=true
12-11-2017 09:13:58,232 16332:13 TRACE [com.kas.q.server.internal.ClientHandler] Awaiting client to send messages..
12-11-2017 09:15:16,983 16332:13 TRACE [com.kas.q.server.internal.ClientHandler] I/O Exception caught. Message: IOException caught, Message: Connection reset
12-11-2017 09:15:16,984 16332:13 DEBUG [com.kas.comm.impl.Messenger] Messenger::cleanup() - IN
12-11-2017 09:15:16,985 16332:13 DEBUG [com.kas.comm.impl.Messenger] Messenger::cleanup() - OUT
12-11-2017 09:15:16,985 16332:13 DEBUG [com.kas.q.server.internal.ClientHandlerManager] ClientHandlerManager::onHandlerStop() - IN
12-11-2017 09:15:16,986 16332:13 DEBUG [com.kas.q.server.internal.ClientHandlerManager] ClientHandlerManager::onHandlerStop() - OUT
12-11-2017 09:15:16,986 16332:13 DEBUG [com.kas.q.server.internal.ClientHandler] ClientHandler::run() - OUT
12-11-2017 12:47:30,521 16332:14 INFO  [com.kas.q.server.internal.ShutdownHook] Signal main thread to shutdown...
