15-11-2017 07:59:03,918 2776:1 DEBUG [com.kas.q.server.KasqServer] KasqRunner::init() - IN
15-11-2017 07:59:03,918 2776:1 INFO  [com.kas.q.server.KasqServer] KAS/Q initialization in progress...
15-11-2017 07:59:03,934 2776:1 DEBUG [com.kas.q.server.KasqRepository] KasqRepository::init() - IN
15-11-2017 07:59:03,934 2776:1 DEBUG [com.kas.q.server.KasqRepository] KasqRepository::define() - IN
15-11-2017 07:59:03,934 2776:1 INFO  [com.kas.q.server.KasqRepository] Define queue with name=[local.dead] at manager=[qmgr]
15-11-2017 07:59:03,934 2776:1 DEBUG [com.kas.q.AKasqDestination] KasqQueue::init() - IN, name=[local.dead]
15-11-2017 07:59:03,934 2776:1 INFO  [com.kas.q.AKasqDestination] Starting initialization for local.dead
15-11-2017 07:59:03,934 2776:1 DEBUG [com.kas.q.AKasqDestination] KasqQueue::init() - Check if backup file exists. Backup file=[C:\dev\kas\kas-q-server/repo/local.dead]...
15-11-2017 07:59:03,934 2776:1 DEBUG [com.kas.q.AKasqDestination] KasqQueue::init() - OUT, Returns=true
15-11-2017 07:59:03,934 2776:1 DEBUG [com.kas.q.server.KasqRepository] KasqRepository::define() - OUT, Returns=true
15-11-2017 07:59:03,934 2776:1 DEBUG [com.kas.q.server.KasqRepository] KasqRepository::define() - IN
15-11-2017 07:59:03,934 2776:1 INFO  [com.kas.q.server.KasqRepository] Define queue with name=[local.admin] at manager=[qmgr]
15-11-2017 07:59:03,934 2776:1 DEBUG [com.kas.q.AKasqDestination] KasqQueue::init() - IN, name=[local.admin]
15-11-2017 07:59:03,934 2776:1 INFO  [com.kas.q.AKasqDestination] Starting initialization for local.admin
15-11-2017 07:59:03,949 2776:1 DEBUG [com.kas.q.AKasqDestination] KasqQueue::init() - Check if backup file exists. Backup file=[C:\dev\kas\kas-q-server/repo/local.admin]...
15-11-2017 07:59:03,949 2776:1 DEBUG [com.kas.q.AKasqDestination] KasqQueue::init() - OUT, Returns=true
15-11-2017 07:59:03,949 2776:1 DEBUG [com.kas.q.server.KasqRepository] KasqRepository::define() - OUT, Returns=true
15-11-2017 07:59:03,949 2776:1 DEBUG [com.kas.q.server.KasqRepository] KasqRepository::init() - OUT, Returns=true
15-11-2017 07:59:03,949 2776:1 DEBUG [com.kas.q.server.KasqServer] KasqRunner::init() - OUT, Returns=true
15-11-2017 07:59:03,949 2776:1 DEBUG [com.kas.q.server.KasqServer] KasqRunner::run() - IN
15-11-2017 07:59:03,949 2776:1 INFO  [com.kas.q.server.KasqServer] KAS/Q qmgr V1-0-1-276 started on 15-11-2017
15-11-2017 07:59:03,949 2776:1 INFO  [com.kas.q.server.KasqServer] ===========================================
15-11-2017 07:59:03,949 2776:1 TRACE [com.kas.q.server.KasqServer] <MainConfiguration>(
  Initialized=true
  ConfigDir=C:\dev\kas\kas-q-server/conf
  MonitoringDelay=10000 MilliSeconds
  MonitoringInterval=15000 MilliSeconds
  Properties=(<Properties>(
    kas.logging.appender.file.logLevel=DEBUG
    kas.q.queueDispatch.interval=10000
    kas.q.port=14560
    kas.logging.appender.stderr.enabled=true
    kas.logging.appender.stdout.enabled=true
    kas.logging.appender.file.maxWriteErrors=10
    kas.q.queueDispatch.delay=10000
    kas.logging.enabled=true
    kas.logging.appender.file.archive.sizeTestRate=20
    kas.container.messaging.sessions.map.size=10
    kas.q.enabled=true
    kas.logging.appender.file.enabled=true
    kas.logging.appender.file.flushRate=1
    kas.logging.appender.stdout.logLevel=DEBUG
    kas.container.messaging.topics.map.size=200
    kas.q.managerName=qmgr
    kas.q.remoteManager.qmgr1.port=14560
    kas.logging.appender.file.fileNamePattern=kas-%u-%d.log
    kas.logging.logger.com.kas.appender=file
    kas.q.remoteManager.qmgr1.host=10.100.102.31
    kas.container.messaging.queues.map.size=200
    kas.q.adminq=local.admin
    kas.q.deadq=local.dead
    kas.q.remoteManager.qmgr1.xmitq=remote.xmit.qmgr1
    kas.q.locator.port=14580
    kas.q.remoteManager.qmgr1.enabled=true
    kas.config.delay=10000
    kas.logging.appender.stderr.logLevel=ERROR
    kas.logging.appender.file.archive.maxFileSizeMb=10
    kas.config.interval=15000
    kas.logging.appender.file.archive.maxGenerations=5
    kas.include=C:\dev\kas\kas-q-server/conf/internal/logging.properties,C:\dev\kas\kas-q-server/conf/internal/messaging.properties,C:\dev\kas\kas-q-server/conf/kas.properties
  ))
  ConfigTask=(<ConfigTask>(
    MonitoredFiles=(
      C:\dev\kas\kas-q-server/conf/internal/messaging.properties=-1
      C:\dev\kas\kas-q-server/conf/kas.properties=-1
      C:\dev\kas\kas-q-server/conf/internal/logging.properties=-1
    )
  ))
  Listeners=(
    <ContainersConfiguration>
    <LoggingConfiguration>
    <MessagingConfiguration>
  )
)

15-11-2017 07:59:03,949 2776:1 TRACE [com.kas.q.server.KasqServer] Awaiting client connections...
15-11-2017 07:59:14,899 2776:1 INFO  [com.kas.q.server.KasqServer] New connection accepted: Socket[addr=/127.0.0.1,port=64246,localport=14560]
15-11-2017 07:59:14,946 2776:1 DEBUG [com.kas.q.server.KasqController] KasqController::onHandlerStart() - IN
15-11-2017 07:59:14,946 2776:1 DEBUG [com.kas.q.server.KasqController] KasqController::onHandlerStart() - OUT
15-11-2017 07:59:14,946 2776:1 TRACE [com.kas.q.server.KasqServer] Awaiting client connections...
15-11-2017 07:59:14,946 2776:13 DEBUG [com.kas.q.server.internal.ClientHandler] ClientHandler::run() - IN
15-11-2017 07:59:14,946 2776:13 TRACE [com.kas.q.server.internal.ClientHandler] Handling client connection from: <Messenger>(
  Host=127.0.0.1
  Port=64246
  Connected=true
)

15-11-2017 07:59:14,946 2776:13 DEBUG [com.kas.q.server.internal.ClientHandler] ClientHandler::authenticate() - IN
15-11-2017 07:59:15,087 2776:13 DEBUG [com.kas.q.server.internal.ClientHandler] ClientHandler::authenticate() - Got a message: <KasqMessage>(
  MessageId=f98c8311-7294-459f-973b-309f4ae46825
  CorrelationId=00000000-0000-0000-0000-000000000000
  DeliveryMode=
  DeliveryTime=0
  Destination=null
  ReplyTo=null
  Redelivered=false
  Expiration=0
  TimeStamp=0
  Priority=0
  Type=null
  Properties=(<Properties>(
    KasQ_RequestType=1
    KasQ_UserName=kas
    KasQ_EyeCatcher=true
    KasQ_Password=kas
  ))
)
15-11-2017 07:59:15,227 2776:13 DEBUG [com.kas.q.server.internal.ClientHandler] ClientHandler::authenticate() - Send message: <KasqMessage>(
  MessageId=76d332d9-035e-4744-bf64-27e439c0c6dd
  CorrelationId=f98c8311-7294-459f-973b-309f4ae46825
  DeliveryMode=
  DeliveryTime=0
  Destination=null
  ReplyTo=null
  Redelivered=false
  Expiration=0
  TimeStamp=0
  Priority=0
  Type=null
  Properties=(<Properties>(
    KasQ_ResponseMessage=
    KasQ_ResponseCode=0
    KasQ_EyeCatcher=true
  ))
)
15-11-2017 07:59:15,227 2776:13 DEBUG [com.kas.q.server.internal.ClientHandler] ClientHandler::authenticate() - OUT, Result=true
15-11-2017 07:59:15,227 2776:13 TRACE [com.kas.q.server.internal.ClientHandler] Awaiting client to send messages..
15-11-2017 07:59:15,243 2776:13 TRACE [com.kas.q.server.internal.ClientHandler] Received from client message: <KasqTextMessage>(
  MessageId=614b405f-5a15-4b47-843b-326e4e65c68a
  CorrelationId=00000000-0000-0000-0000-000000000000
  DeliveryMode=PERSISTENT
  DeliveryTime=0
  Destination=queue:///shy.local.queue
  ReplyTo=null
  Redelivered=false
  Expiration=0
  TimeStamp=1510725555243
  Priority=0
  Type=null
  Properties=(<Properties>(
    KasQ_EyeCatcher=true
  ))
)
15-11-2017 07:59:15,243 2776:13 DEBUG [com.kas.q.server.internal.ClientHandler] ClientHandler::process() - IN
15-11-2017 07:59:15,243 2776:13 DEBUG [com.kas.q.server.internal.ClientHandler] ClientHandler::process() - message destination is managed by KAS/Q. Name=[queue:///shy.local.queue]
15-11-2017 07:59:15,243 2776:13 DEBUG [com.kas.q.server.internal.ClientHandler] ClientHandler::process() - Destination is not defined, define it now...
15-11-2017 07:59:15,243 2776:13 DEBUG [com.kas.q.server.KasqRepository] KasqRepository::define() - IN
15-11-2017 07:59:15,243 2776:13 INFO  [com.kas.q.server.KasqRepository] Define queue with name=[shy.local.queue] at manager=[qmgr]
15-11-2017 07:59:15,243 2776:13 DEBUG [com.kas.q.AKasqDestination] KasqQueue::init() - IN, name=[shy.local.queue]
15-11-2017 07:59:15,243 2776:13 INFO  [com.kas.q.AKasqDestination] Starting initialization for shy.local.queue
15-11-2017 07:59:15,243 2776:13 DEBUG [com.kas.q.AKasqDestination] KasqQueue::init() - Check if backup file exists. Backup file=[C:\dev\kas\kas-q-server/repo/shy.local.queue]...
15-11-2017 07:59:15,243 2776:13 DEBUG [com.kas.q.AKasqDestination] KasqQueue::init() - OUT, Returns=true
15-11-2017 07:59:15,243 2776:13 DEBUG [com.kas.q.server.KasqRepository] KasqRepository::define() - OUT, Returns=true
15-11-2017 07:59:15,243 2776:13 DEBUG [com.kas.q.server.internal.ClientHandler] ClientHandler::process() - OUT
15-11-2017 07:59:15,259 2776:13 TRACE [com.kas.q.server.internal.ClientHandler] Received from client message: <KasqTextMessage>(
  MessageId=a883576f-f1ca-4177-b483-dc0eb3e46857
  CorrelationId=00000000-0000-0000-0000-000000000000
  DeliveryMode=PERSISTENT
  DeliveryTime=0
  Destination=queue:///shy.local.queue
  ReplyTo=null
  Redelivered=false
  Expiration=0
  TimeStamp=1510725555243
  Priority=0
  Type=null
  Properties=(<Properties>(
    KasQ_EyeCatcher=true
  ))
)
15-11-2017 07:59:15,259 2776:13 DEBUG [com.kas.q.server.internal.ClientHandler] ClientHandler::process() - IN
15-11-2017 07:59:15,259 2776:13 DEBUG [com.kas.q.server.internal.ClientHandler] ClientHandler::process() - message destination is managed by KAS/Q. Name=[queue:///shy.local.queue]
15-11-2017 07:59:15,259 2776:13 DEBUG [com.kas.q.server.internal.ClientHandler] ClientHandler::process() - OUT
15-11-2017 07:59:15,259 2776:13 TRACE [com.kas.q.server.internal.ClientHandler] Received from client message: <KasqTextMessage>(
  MessageId=6dcd9000-681a-4a0a-9656-620d5be41d60
  CorrelationId=00000000-0000-0000-0000-000000000000
  DeliveryMode=PERSISTENT
  DeliveryTime=0
  Destination=queue:///shy.local.queue
  ReplyTo=null
  Redelivered=false
  Expiration=0
  TimeStamp=1510725555243
  Priority=0
  Type=null
  Properties=(<Properties>(
    KasQ_EyeCatcher=true
  ))
)
15-11-2017 07:59:15,259 2776:13 DEBUG [com.kas.q.server.internal.ClientHandler] ClientHandler::process() - IN
15-11-2017 07:59:15,259 2776:13 DEBUG [com.kas.q.server.internal.ClientHandler] ClientHandler::process() - message destination is managed by KAS/Q. Name=[queue:///shy.local.queue]
15-11-2017 07:59:15,259 2776:13 DEBUG [com.kas.q.server.internal.ClientHandler] ClientHandler::process() - OUT
15-11-2017 07:59:15,259 2776:13 TRACE [com.kas.q.server.internal.ClientHandler] Received from client message: <KasqTextMessage>(
  MessageId=42c90053-3ae3-47e3-967c-a7468d0c17c5
  CorrelationId=00000000-0000-0000-0000-000000000000
  DeliveryMode=PERSISTENT
  DeliveryTime=0
  Destination=queue:///shy.local.queue
  ReplyTo=null
  Redelivered=false
  Expiration=0
  TimeStamp=1510725555243
  Priority=0
  Type=null
  Properties=(<Properties>(
    KasQ_EyeCatcher=true
  ))
)
15-11-2017 07:59:15,259 2776:13 DEBUG [com.kas.q.server.internal.ClientHandler] ClientHandler::process() - IN
15-11-2017 07:59:15,259 2776:13 DEBUG [com.kas.q.server.internal.ClientHandler] ClientHandler::process() - message destination is managed by KAS/Q. Name=[queue:///shy.local.queue]
15-11-2017 07:59:15,259 2776:13 DEBUG [com.kas.q.server.internal.ClientHandler] ClientHandler::process() - OUT
15-11-2017 07:59:15,259 2776:13 TRACE [com.kas.q.server.internal.ClientHandler] Received from client message: <KasqTextMessage>(
  MessageId=7b4c7066-3d54-4cfe-b45b-2cd3ef7ff96d
  CorrelationId=00000000-0000-0000-0000-000000000000
  DeliveryMode=PERSISTENT
  DeliveryTime=0
  Destination=queue:///shy.local.queue
  ReplyTo=null
  Redelivered=false
  Expiration=0
  TimeStamp=1510725555243
  Priority=0
  Type=null
  Properties=(<Properties>(
    KasQ_EyeCatcher=true
  ))
)
15-11-2017 07:59:15,259 2776:13 DEBUG [com.kas.q.server.internal.ClientHandler] ClientHandler::process() - IN
15-11-2017 07:59:15,259 2776:13 DEBUG [com.kas.q.server.internal.ClientHandler] ClientHandler::process() - message destination is managed by KAS/Q. Name=[queue:///shy.local.queue]
15-11-2017 07:59:15,259 2776:13 DEBUG [com.kas.q.server.internal.ClientHandler] ClientHandler::process() - OUT
15-11-2017 07:59:15,259 2776:13 TRACE [com.kas.q.server.internal.ClientHandler] Received from client message: <KasqTextMessage>(
  MessageId=5ba4acf6-f544-4de0-8a54-a0cb6ada15a5
  CorrelationId=00000000-0000-0000-0000-000000000000
  DeliveryMode=PERSISTENT
  DeliveryTime=0
  Destination=queue:///shy.local.queue
  ReplyTo=null
  Redelivered=false
  Expiration=0
  TimeStamp=1510725555243
  Priority=0
  Type=null
  Properties=(<Properties>(
    KasQ_EyeCatcher=true
  ))
)
15-11-2017 07:59:15,259 2776:13 DEBUG [com.kas.q.server.internal.ClientHandler] ClientHandler::process() - IN
15-11-2017 07:59:15,259 2776:13 DEBUG [com.kas.q.server.internal.ClientHandler] ClientHandler::process() - message destination is managed by KAS/Q. Name=[queue:///shy.local.queue]
15-11-2017 07:59:15,259 2776:13 DEBUG [com.kas.q.server.internal.ClientHandler] ClientHandler::process() - OUT
15-11-2017 07:59:15,259 2776:13 TRACE [com.kas.q.server.internal.ClientHandler] Received from client message: <KasqTextMessage>(
  MessageId=3e476f81-c693-4e97-a1f2-3bd0f5a96b06
  CorrelationId=00000000-0000-0000-0000-000000000000
  DeliveryMode=PERSISTENT
  DeliveryTime=0
  Destination=queue:///shy.local.queue
  ReplyTo=null
  Redelivered=false
  Expiration=0
  TimeStamp=1510725555243
  Priority=0
  Type=null
  Properties=(<Properties>(
    KasQ_EyeCatcher=true
  ))
)
15-11-2017 07:59:15,259 2776:13 DEBUG [com.kas.q.server.internal.ClientHandler] ClientHandler::process() - IN
15-11-2017 07:59:15,259 2776:13 DEBUG [com.kas.q.server.internal.ClientHandler] ClientHandler::process() - message destination is managed by KAS/Q. Name=[queue:///shy.local.queue]
15-11-2017 07:59:15,259 2776:13 DEBUG [com.kas.q.server.internal.ClientHandler] ClientHandler::process() - OUT
15-11-2017 07:59:15,259 2776:13 TRACE [com.kas.q.server.internal.ClientHandler] Received from client message: <KasqTextMessage>(
  MessageId=1b5fbb18-8e7f-4dd7-a423-392956025353
  CorrelationId=00000000-0000-0000-0000-000000000000
  DeliveryMode=PERSISTENT
  DeliveryTime=0
  Destination=queue:///shy.local.queue
  ReplyTo=null
  Redelivered=false
  Expiration=0
  TimeStamp=1510725555243
  Priority=0
  Type=null
  Properties=(<Properties>(
    KasQ_EyeCatcher=true
  ))
)
15-11-2017 07:59:15,259 2776:13 DEBUG [com.kas.q.server.internal.ClientHandler] ClientHandler::process() - IN
15-11-2017 07:59:15,259 2776:13 DEBUG [com.kas.q.server.internal.ClientHandler] ClientHandler::process() - message destination is managed by KAS/Q. Name=[queue:///shy.local.queue]
15-11-2017 07:59:15,259 2776:13 DEBUG [com.kas.q.server.internal.ClientHandler] ClientHandler::process() - OUT
15-11-2017 07:59:15,259 2776:13 TRACE [com.kas.q.server.internal.ClientHandler] Received from client message: <KasqTextMessage>(
  MessageId=fffd8805-8a15-4a48-9528-64a42bb89f44
  CorrelationId=00000000-0000-0000-0000-000000000000
  DeliveryMode=PERSISTENT
  DeliveryTime=0
  Destination=queue:///shy.local.queue
  ReplyTo=null
  Redelivered=false
  Expiration=0
  TimeStamp=1510725555243
  Priority=0
  Type=null
  Properties=(<Properties>(
    KasQ_EyeCatcher=true
  ))
)
15-11-2017 07:59:15,274 2776:13 DEBUG [com.kas.q.server.internal.ClientHandler] ClientHandler::process() - IN
15-11-2017 07:59:15,274 2776:13 DEBUG [com.kas.q.server.internal.ClientHandler] ClientHandler::process() - message destination is managed by KAS/Q. Name=[queue:///shy.local.queue]
15-11-2017 07:59:15,274 2776:13 DEBUG [com.kas.q.server.internal.ClientHandler] ClientHandler::process() - OUT
15-11-2017 07:59:15,274 2776:13 TRACE [com.kas.q.server.internal.ClientHandler] Received from client message: <KasqTextMessage>(
  MessageId=b0541ae6-a4eb-4f2c-9b58-297728707bbf
  CorrelationId=00000000-0000-0000-0000-000000000000
  DeliveryMode=PERSISTENT
  DeliveryTime=0
  Destination=queue:///shy.local.queue
  ReplyTo=null
  Redelivered=false
  Expiration=0
  TimeStamp=1510725555259
  Priority=0
  Type=null
  Properties=(<Properties>(
    KasQ_EyeCatcher=true
  ))
)
15-11-2017 07:59:15,274 2776:13 DEBUG [com.kas.q.server.internal.ClientHandler] ClientHandler::process() - IN
15-11-2017 07:59:15,274 2776:13 DEBUG [com.kas.q.server.internal.ClientHandler] ClientHandler::process() - message destination is managed by KAS/Q. Name=[queue:///shy.local.queue]
15-11-2017 07:59:15,274 2776:13 DEBUG [com.kas.q.server.internal.ClientHandler] ClientHandler::process() - OUT
15-11-2017 07:59:25,288 2776:13 TRACE [com.kas.q.server.internal.ClientHandler] I/O Exception caught. Message: IOException caught, Message: Connection reset
15-11-2017 07:59:25,290 2776:13 DEBUG [com.kas.comm.impl.Messenger] Messenger::cleanup() - IN
15-11-2017 07:59:25,290 2776:13 DEBUG [com.kas.comm.impl.Messenger] Messenger::cleanup() - OUT
15-11-2017 07:59:25,290 2776:13 DEBUG [com.kas.q.server.KasqController] KasqController::onHandlerStop() - IN
15-11-2017 07:59:25,290 2776:13 DEBUG [com.kas.q.server.KasqController] KasqController::onHandlerStop() - OUT
15-11-2017 07:59:25,290 2776:13 DEBUG [com.kas.q.server.internal.ClientHandler] ClientHandler::run() - OUT
15-11-2017 07:59:49,277 2776:1 INFO  [com.kas.q.server.KasqServer] New connection accepted: Socket[addr=/127.0.0.1,port=64347,localport=14560]
15-11-2017 07:59:49,277 2776:1 DEBUG [com.kas.q.server.KasqController] KasqController::onHandlerStart() - IN
15-11-2017 07:59:49,277 2776:1 DEBUG [com.kas.q.server.KasqController] KasqController::onHandlerStart() - OUT
15-11-2017 07:59:49,277 2776:1 TRACE [com.kas.q.server.KasqServer] Awaiting client connections...
15-11-2017 07:59:49,277 2776:13 DEBUG [com.kas.q.server.internal.ClientHandler] ClientHandler::run() - IN
15-11-2017 07:59:49,277 2776:13 TRACE [com.kas.q.server.internal.ClientHandler] Handling client connection from: <Messenger>(
  Host=127.0.0.1
  Port=64347
  Connected=true
)

15-11-2017 07:59:49,277 2776:13 DEBUG [com.kas.q.server.internal.ClientHandler] ClientHandler::authenticate() - IN
15-11-2017 07:59:49,465 2776:13 DEBUG [com.kas.q.server.internal.ClientHandler] ClientHandler::authenticate() - Got a message: <KasqMessage>(
  MessageId=adb599d1-c1a5-41f9-b786-256b4fced087
  CorrelationId=00000000-0000-0000-0000-000000000000
  DeliveryMode=
  DeliveryTime=0
  Destination=null
  ReplyTo=null
  Redelivered=false
  Expiration=0
  TimeStamp=0
  Priority=0
  Type=null
  Properties=(<Properties>(
    KasQ_RequestType=1
    KasQ_EyeCatcher=true
    KasQ_UserName=admin
    KasQ_Admin=true
    KasQ_Password=admin
  ))
)
15-11-2017 07:59:49,465 2776:13 DEBUG [com.kas.q.server.internal.ClientHandler] ClientHandler::authenticate() - Send message: <KasqMessage>(
  MessageId=83809043-1eeb-4ae6-95c5-f890513c3d5a
  CorrelationId=adb599d1-c1a5-41f9-b786-256b4fced087
  DeliveryMode=
  DeliveryTime=0
  Destination=null
  ReplyTo=null
  Redelivered=false
  Expiration=0
  TimeStamp=0
  Priority=0
  Type=null
  Properties=(<Properties>(
    KasQ_ResponseMessage=
    KasQ_ResponseCode=0
    KasQ_EyeCatcher=true
  ))
)
15-11-2017 07:59:49,465 2776:13 DEBUG [com.kas.q.server.internal.ClientHandler] ClientHandler::authenticate() - OUT, Result=true
15-11-2017 07:59:49,465 2776:13 TRACE [com.kas.q.server.internal.ClientHandler] Awaiting client to send messages..
15-11-2017 08:00:22,141 2776:13 TRACE [com.kas.q.server.internal.ClientHandler] I/O Exception caught. Message: IOException caught, Message: Connection reset
15-11-2017 08:00:22,142 2776:13 DEBUG [com.kas.comm.impl.Messenger] Messenger::cleanup() - IN
15-11-2017 08:00:22,142 2776:13 DEBUG [com.kas.comm.impl.Messenger] Messenger::cleanup() - OUT
15-11-2017 08:00:22,143 2776:13 DEBUG [com.kas.q.server.KasqController] KasqController::onHandlerStop() - IN
15-11-2017 08:00:22,143 2776:13 DEBUG [com.kas.q.server.KasqController] KasqController::onHandlerStop() - OUT
15-11-2017 08:00:22,143 2776:13 DEBUG [com.kas.q.server.internal.ClientHandler] ClientHandler::run() - OUT
15-11-2017 08:02:39,792 2776:1 INFO  [com.kas.q.server.KasqServer] New connection accepted: Socket[addr=/127.0.0.1,port=64562,localport=14560]
15-11-2017 08:02:39,792 2776:1 DEBUG [com.kas.q.server.KasqController] KasqController::onHandlerStart() - IN
15-11-2017 08:02:39,792 2776:1 DEBUG [com.kas.q.server.KasqController] KasqController::onHandlerStart() - OUT
15-11-2017 08:02:39,792 2776:1 TRACE [com.kas.q.server.KasqServer] Awaiting client connections...
15-11-2017 08:02:39,792 2776:13 DEBUG [com.kas.q.server.internal.ClientHandler] ClientHandler::run() - IN
15-11-2017 08:02:39,792 2776:13 TRACE [com.kas.q.server.internal.ClientHandler] Handling client connection from: <Messenger>(
  Host=127.0.0.1
  Port=64562
  Connected=true
)

15-11-2017 08:02:39,792 2776:13 DEBUG [com.kas.q.server.internal.ClientHandler] ClientHandler::authenticate() - IN
15-11-2017 08:02:39,964 2776:13 DEBUG [com.kas.q.server.internal.ClientHandler] ClientHandler::authenticate() - Got a message: <KasqMessage>(
  MessageId=c0212d67-7527-4d51-86af-add1ede84e74
  CorrelationId=00000000-0000-0000-0000-000000000000
  DeliveryMode=
  DeliveryTime=0
  Destination=null
  ReplyTo=null
  Redelivered=false
  Expiration=0
  TimeStamp=0
  Priority=0
  Type=null
  Properties=(<Properties>(
    KasQ_RequestType=1
    KasQ_EyeCatcher=true
    KasQ_UserName=admin
    KasQ_Admin=true
    KasQ_Password=admin
  ))
)
15-11-2017 08:02:39,964 2776:13 DEBUG [com.kas.q.server.internal.ClientHandler] ClientHandler::authenticate() - Send message: <KasqMessage>(
  MessageId=66e9cb6b-1f2b-4582-9c07-8d7182871c15
  CorrelationId=c0212d67-7527-4d51-86af-add1ede84e74
  DeliveryMode=
  DeliveryTime=0
  Destination=null
  ReplyTo=null
  Redelivered=false
  Expiration=0
  TimeStamp=0
  Priority=0
  Type=null
  Properties=(<Properties>(
    KasQ_ResponseMessage=
    KasQ_ResponseCode=0
    KasQ_EyeCatcher=true
  ))
)
15-11-2017 08:02:39,964 2776:13 DEBUG [com.kas.q.server.internal.ClientHandler] ClientHandler::authenticate() - OUT, Result=true
15-11-2017 08:02:39,964 2776:13 TRACE [com.kas.q.server.internal.ClientHandler] Awaiting client to send messages..
15-11-2017 08:02:39,995 2776:13 TRACE [com.kas.q.server.internal.ClientHandler] I/O Exception caught. Message: IOException caught, Message: Connection reset
15-11-2017 08:02:39,995 2776:13 DEBUG [com.kas.comm.impl.Messenger] Messenger::cleanup() - IN
15-11-2017 08:02:39,995 2776:13 DEBUG [com.kas.comm.impl.Messenger] Messenger::cleanup() - OUT
15-11-2017 08:02:39,995 2776:13 DEBUG [com.kas.q.server.KasqController] KasqController::onHandlerStop() - IN
15-11-2017 08:02:39,995 2776:13 DEBUG [com.kas.q.server.KasqController] KasqController::onHandlerStop() - OUT
15-11-2017 08:02:39,995 2776:13 DEBUG [com.kas.q.server.internal.ClientHandler] ClientHandler::run() - OUT
15-11-2017 08:02:48,298 2776:1 INFO  [com.kas.q.server.KasqServer] New connection accepted: Socket[addr=/127.0.0.1,port=64563,localport=14560]
15-11-2017 08:02:48,298 2776:1 DEBUG [com.kas.q.server.KasqController] KasqController::onHandlerStart() - IN
15-11-2017 08:02:48,298 2776:1 DEBUG [com.kas.q.server.KasqController] KasqController::onHandlerStart() - OUT
15-11-2017 08:02:48,298 2776:1 TRACE [com.kas.q.server.KasqServer] Awaiting client connections...
15-11-2017 08:02:48,298 2776:13 DEBUG [com.kas.q.server.internal.ClientHandler] ClientHandler::run() - IN
15-11-2017 08:02:48,298 2776:13 TRACE [com.kas.q.server.internal.ClientHandler] Handling client connection from: <Messenger>(
  Host=127.0.0.1
  Port=64563
  Connected=true
)

15-11-2017 08:02:48,298 2776:13 DEBUG [com.kas.q.server.internal.ClientHandler] ClientHandler::authenticate() - IN
15-11-2017 08:02:48,470 2776:13 DEBUG [com.kas.q.server.internal.ClientHandler] ClientHandler::authenticate() - Got a message: <KasqMessage>(
  MessageId=552bbd32-1a24-4a82-862b-82e4f44fe970
  CorrelationId=00000000-0000-0000-0000-000000000000
  DeliveryMode=
  DeliveryTime=0
  Destination=null
  ReplyTo=null
  Redelivered=false
  Expiration=0
  TimeStamp=0
  Priority=0
  Type=null
  Properties=(<Properties>(
    KasQ_RequestType=1
    KasQ_EyeCatcher=true
    KasQ_UserName=admin
    KasQ_Admin=true
    KasQ_Password=admin
  ))
)
15-11-2017 08:02:48,470 2776:13 DEBUG [com.kas.q.server.internal.ClientHandler] ClientHandler::authenticate() - Send message: <KasqMessage>(
  MessageId=ea52d9d3-6c1e-40a5-b978-926b5bcd8649
  CorrelationId=552bbd32-1a24-4a82-862b-82e4f44fe970
  DeliveryMode=
  DeliveryTime=0
  Destination=null
  ReplyTo=null
  Redelivered=false
  Expiration=0
  TimeStamp=0
  Priority=0
  Type=null
  Properties=(<Properties>(
    KasQ_ResponseMessage=
    KasQ_ResponseCode=0
    KasQ_EyeCatcher=true
  ))
)
15-11-2017 08:02:48,470 2776:13 DEBUG [com.kas.q.server.internal.ClientHandler] ClientHandler::authenticate() - OUT, Result=true
15-11-2017 08:02:48,470 2776:13 TRACE [com.kas.q.server.internal.ClientHandler] Awaiting client to send messages..
15-11-2017 08:02:48,486 2776:13 TRACE [com.kas.q.server.internal.ClientHandler] Received from client message: <KasqMessage>(
  MessageId=6f7f48d3-27dd-4ac0-8261-18143d8d7937
  CorrelationId=00000000-0000-0000-0000-000000000000
  DeliveryMode=PERSISTENT
  DeliveryTime=0
  Destination=null
  ReplyTo=null
  Redelivered=false
  Expiration=0
  TimeStamp=1510725768486
  Priority=0
  Type=null
  Properties=(<Properties>(
    KasQ_RequestType=2
    KasQ_EyeCatcher=true
    KasQ_Admin=true
  ))
)
15-11-2017 08:02:48,486 2776:13 DEBUG [com.kas.q.server.internal.ClientHandler] ClientHandler::process() - IN
15-11-2017 08:02:48,486 2776:13 DEBUG [com.kas.q.server.KasqController] KasqController::onHandlerStop() - IN
15-11-2017 08:02:48,486 2776:13 DEBUG [com.kas.comm.impl.Messenger] Messenger::cleanup() - IN
15-11-2017 08:02:48,486 2776:13 DEBUG [com.kas.comm.impl.Messenger] Messenger::cleanup() - OUT
15-11-2017 08:02:48,486 2776:13 DEBUG [com.kas.q.server.KasqServer] KasqRunner::term() - IN
15-11-2017 08:02:48,486 2776:13 DEBUG [com.kas.q.server.KasqRepository] KasqRepository::term() - IN
15-11-2017 08:02:48,486 2776:1 DEBUG [com.kas.q.server.KasqServer] KasqRunner::run() - OUT
15-11-2017 08:02:48,486 2776:13 DEBUG [com.kas.q.server.KasqRepository] KasqRepository::term() - Writting queue contents. Queue=[shy.local.queue]; Messages=[10]
15-11-2017 08:02:48,486 2776:1 DEBUG [com.kas.q.server.KasqServer] KasqRunner::term() - IN
15-11-2017 08:02:48,486 2776:13 DEBUG [com.kas.q.AKasqDestination] KasqQueue::term() - IN, name=[shy.local.queue]
15-11-2017 08:02:48,486 2776:13 INFO  [com.kas.q.AKasqDestination] Starting termination for shy.local.queue
15-11-2017 08:02:48,486 2776:1 DEBUG [com.kas.q.server.KasqRepository] KasqRepository::term() - IN
15-11-2017 08:02:48,486 2776:13 TRACE [com.kas.q.AKasqDestination] shy.local.queue is not empty. Saving messages to backup file=[C:\dev\kas\kas-q-server/repo/shy.local.queue]
15-11-2017 08:02:48,486 2776:1 DEBUG [com.kas.q.server.KasqRepository] KasqRepository::term() - Writting queue contents. Queue=[shy.local.queue]; Messages=[10]
15-11-2017 08:02:48,486 2776:1 DEBUG [com.kas.q.AKasqDestination] KasqQueue::term() - IN, name=[shy.local.queue]
15-11-2017 08:02:48,486 2776:1 INFO  [com.kas.q.AKasqDestination] Starting termination for shy.local.queue
15-11-2017 08:02:48,486 2776:1 TRACE [com.kas.q.AKasqDestination] shy.local.queue is not empty. Saving messages to backup file=[C:\dev\kas\kas-q-server/repo/shy.local.queue]
15-11-2017 08:02:48,486 2776:13 DEBUG [com.kas.q.AKasqDestination] KasqQueue::term() - Exception caught during termination. Name=shy.local.queue; Exception: java.io.IOException: 
The system cannot find the path specified
    java.io.WinNTFileSystem.createFileExclusively(Native Method)
    java.io.File.createNewFile(File.java:1012)
    com.kas.q.AKasqDestination.term(AKasqDestination.java:122)
    com.kas.q.server.KasqRepository.term(KasqRepository.java:100)
    com.kas.q.server.KasqServer.term(KasqServer.java:156)
    com.kas.q.server.KasqController.onShutdownRequest(KasqController.java:88)
    com.kas.q.server.internal.ClientHandler.process(ClientHandler.java:199)
    com.kas.q.server.internal.ClientHandler.run(ClientHandler.java:87)
    java.util.concurrent.Executors$RunnableAdapter.call(Executors.java:511)
    java.util.concurrent.FutureTask.run(FutureTask.java:266)
    java.util.concurrent.ScheduledThreadPoolExecutor$ScheduledFutureTask.access$201(ScheduledThreadPoolExecutor.java:180)
    java.util.concurrent.ScheduledThreadPoolExecutor$ScheduledFutureTask.run(ScheduledThreadPoolExecutor.java:293)
    java.util.concurrent.ThreadPoolExecutor.runWorker(ThreadPoolExecutor.java:1142)
    java.util.concurrent.ThreadPoolExecutor$Worker.run(ThreadPoolExecutor.java:617)
    java.lang.Thread.run(Thread.java:745)

15-11-2017 08:02:48,486 2776:13 DEBUG [com.kas.q.AKasqDestination] KasqQueue::term() - OUT, Returns=false
15-11-2017 08:02:48,486 2776:13 DEBUG [com.kas.q.server.KasqRepository] KasqRepository::term() - Writting queue contents. Queue=[local.dead]; Messages=[0]
15-11-2017 08:02:48,486 2776:13 DEBUG [com.kas.q.AKasqDestination] KasqQueue::term() - IN, name=[local.dead]
15-11-2017 08:02:48,486 2776:13 INFO  [com.kas.q.AKasqDestination] Starting termination for local.dead
15-11-2017 08:02:48,486 2776:13 DEBUG [com.kas.q.AKasqDestination] KasqQueue::term() - OUT, Returns=true
15-11-2017 08:02:48,486 2776:13 DEBUG [com.kas.q.server.KasqRepository] KasqRepository::term() - Writting queue contents. Queue=[local.admin]; Messages=[0]
15-11-2017 08:02:48,486 2776:13 DEBUG [com.kas.q.AKasqDestination] KasqQueue::term() - IN, name=[local.admin]
15-11-2017 08:02:48,486 2776:13 INFO  [com.kas.q.AKasqDestination] Starting termination for local.admin
15-11-2017 08:02:48,486 2776:13 DEBUG [com.kas.q.AKasqDestination] KasqQueue::term() - OUT, Returns=true
15-11-2017 08:02:48,486 2776:1 DEBUG [com.kas.q.AKasqDestination] KasqQueue::term() - Exception caught during termination. Name=shy.local.queue; Exception: java.io.IOException: 
The system cannot find the path specified
    java.io.WinNTFileSystem.createFileExclusively(Native Method)
    java.io.File.createNewFile(File.java:1012)
    com.kas.q.AKasqDestination.term(AKasqDestination.java:122)
    com.kas.q.server.KasqRepository.term(KasqRepository.java:100)
    com.kas.q.server.KasqServer.term(KasqServer.java:156)
    com.kas.q.server.KasqServer.main(KasqServer.java:48)

15-11-2017 08:02:48,486 2776:1 DEBUG [com.kas.q.AKasqDestination] KasqQueue::term() - OUT, Returns=false
15-11-2017 08:02:48,486 2776:1 DEBUG [com.kas.q.server.KasqRepository] KasqRepository::term() - Writting queue contents. Queue=[local.dead]; Messages=[0]
15-11-2017 08:02:48,486 2776:1 DEBUG [com.kas.q.AKasqDestination] KasqQueue::term() - IN, name=[local.dead]
15-11-2017 08:02:48,486 2776:1 INFO  [com.kas.q.AKasqDestination] Starting termination for local.dead
15-11-2017 08:02:48,486 2776:1 DEBUG [com.kas.q.AKasqDestination] KasqQueue::term() - OUT, Returns=true
15-11-2017 08:02:48,486 2776:1 DEBUG [com.kas.q.server.KasqRepository] KasqRepository::term() - Writting queue contents. Queue=[local.admin]; Messages=[0]
15-11-2017 08:02:48,486 2776:1 DEBUG [com.kas.q.AKasqDestination] KasqQueue::term() - IN, name=[local.admin]
15-11-2017 08:02:48,486 2776:13 DEBUG [com.kas.q.server.KasqRepository] KasqRepository::term() - OUT
15-11-2017 08:02:48,486 2776:1 INFO  [com.kas.q.AKasqDestination] Starting termination for local.admin
15-11-2017 08:02:48,486 2776:13 DEBUG [com.kas.q.server.KasqServer] KasqRunner::term() - OUT
15-11-2017 08:02:48,486 2776:13 DEBUG [com.kas.q.server.KasqController] KasqController::onHandlerStop() - OUT
15-11-2017 08:02:48,486 2776:13 DEBUG [com.kas.q.server.internal.ClientHandler] ClientHandler::process() - OUT
15-11-2017 08:02:48,501 2776:1 DEBUG [com.kas.q.AKasqDestination] KasqQueue::term() - OUT, Returns=true
15-11-2017 08:02:48,501 2776:13 TRACE [com.kas.q.server.internal.ClientHandler] I/O Exception caught. Message: Socket is closed
15-11-2017 08:02:48,501 2776:13 DEBUG [com.kas.comm.impl.Messenger] Messenger::cleanup() - IN
15-11-2017 08:02:48,501 2776:1 DEBUG [com.kas.q.server.KasqRepository] KasqRepository::term() - OUT
15-11-2017 08:02:48,501 2776:13 DEBUG [com.kas.comm.impl.Messenger] Messenger::cleanup() - OUT
15-11-2017 08:02:48,501 2776:13 DEBUG [com.kas.q.server.KasqController] KasqController::onHandlerStop() - IN
15-11-2017 08:02:48,501 2776:13 DEBUG [com.kas.q.server.KasqController] KasqController::onHandlerStop() - OUT
15-11-2017 08:02:48,501 2776:13 DEBUG [com.kas.q.server.internal.ClientHandler] ClientHandler::run() - OUT
15-11-2017 08:02:48,501 2776:1 DEBUG [com.kas.q.server.KasqServer] KasqRunner::term() - OUT
