01-11-2017 20:58:24,552 8580:1 DEBUG [com.kas.q.server.KasqManager] KasqManager::init() - IN
01-11-2017 20:58:24,552 8580:1 INFO  [com.kas.q.server.KasqManager] KAS/Q initialization in progress...
01-11-2017 20:58:24,553 8580:1 DEBUG [com.kas.q.server.KasqManager] KasqManager::init() - OUT, Returns=true
01-11-2017 20:58:24,554 8580:1 DEBUG [com.kas.q.server.KasqManager] KasqManager::run() - IN
01-11-2017 20:58:24,557 8580:1 INFO  [com.kas.q.server.KasqManager] KAS/Q Manager qmgr V1-0-0-209 started on 01-11-2017
01-11-2017 20:58:24,559 8580:1 INFO  [com.kas.q.server.KasqManager] ===================================================
01-11-2017 20:58:24,560 8580:1 TRACE [com.kas.q.server.KasqManager] <MainConfiguration>(
  Initialized=true
  ConfigDir=D:\Dev\Src\java\workspace\kas-q-server/conf
  MonitoringDelay=10000 MilliSeconds
  MonitoringInterval=15000 MilliSeconds
  Properties=(<Properties>(
    kas.q.queueDispatch.interval=10000
    kas.logging.appender.file.enabled=true
    kas.q.queueDispatch.delay=10000
    kas.logging.logger.com.kas.appender=file
    kas.logging.appender.file.maxWriteErrors=10
    kas.q.enabled=true
    kas.q.managerName=qmgr
    kas.q.deadq=local.dead
    kas.logging.appender.file.fileNamePattern=kas-%u-%d.log
    kas.config.interval=15000
    kas.container.messaging.local.queue.map.size=10
    kas.logging.appender.file.archive.maxGenerations=5
    kas.logging.appender.file.flushRate=1
    kas.q.remoteManager.qmgr1.xmitq=remote.xmit.qmgr1
    kas.container.messaging.remote.qmgr.map.size=10
    kas.logging.appender.file.archive.maxFileSizeMb=10
    kas.config.delay=10000
    kas.q.remoteManager.qmgr1.host=10.100.102.31
    kas.q.remoteManager.qmgr1.enabled=true
    kas.include=D:\Dev\Src\java\workspace\kas-q-server/conf/internal/logging.properties,D:\Dev\Src\java\workspace\kas-q-server/conf/internal/messaging.properties,D:\Dev\Src\java\workspace\kas-q-server/conf/kas.properties
    kas.logging.appender.file.archive.sizeTestRate=20
    kas.q.remoteManager.qmgr1.port=14560
    kas.logging.appender.console.logLevel=DEBUG
    kas.logging.enabled=true
    kas.logging.appender.file.logLevel=DEBUG
    kas.q.port=14560
    kas.logging.appender.console.enabled=true
    kas.q.adminq=local.admin
  ))
  ConfigTask=(<ConfigTask>(
    MonitoredFiles=(
      D:\Dev\Src\java\workspace\kas-q-server/conf/internal/messaging.properties=-1
      D:\Dev\Src\java\workspace\kas-q-server/conf/internal/logging.properties=-1
      D:\Dev\Src\java\workspace\kas-q-server/conf/kas.properties=-1
    )
  ))
  Listeners=(
    <LoggingConfiguration>
    <MessagingConfiguration>
  )
)

01-11-2017 21:02:42,766 8580:1 TRACE [com.kas.q.server.KasqManager] New connection accepted: Socket[addr=/127.0.0.1,port=35543,localport=14560]
01-11-2017 21:02:42,772 8580:1 DEBUG [com.kas.q.server.ClientHandlerManager] ClientHandlerManager::onHandlerStart() - IN
01-11-2017 21:02:42,773 8580:1 DEBUG [com.kas.q.server.ClientHandlerManager] ClientHandlerManager::onHandlerStart() - OUT
01-11-2017 21:02:42,774 8580:13 TRACE [com.kas.q.server.ClientHandler] Handling client connection from: <Messenger>(
  Host=127.0.0.1
  Port=35543
  Connected=true
)

01-11-2017 21:02:42,774 8580:13 TRACE [com.kas.q.server.ClientHandler] Awaiting client to send messages..
01-11-2017 21:02:42,775 8580:13 TRACE [com.kas.q.server.ClientHandler] Connection was closed by remote peer...
01-11-2017 21:02:42,775 8580:13 DEBUG [com.kas.q.ext.impl.Messenger] Messenger::cleanup() - IN
01-11-2017 21:02:42,776 8580:13 DEBUG [com.kas.q.ext.impl.Messenger] Messenger::cleanup() - OUT
01-11-2017 21:02:42,776 8580:13 DEBUG [com.kas.q.server.ClientHandlerManager] ClientHandlerManager::onHandlerStop() - IN
01-11-2017 21:02:42,777 8580:13 DEBUG [com.kas.q.server.ClientHandlerManager] ClientHandlerManager::onHandlerStop() - OUT
02-11-2017 06:04:38,864 8580:14 INFO  [com.kas.q.server.internal.ShutdownHook] Signal main thread to shutdown...
