12-11-2017 19:48:07,620 14372:1 DEBUG [com.kas.q.server.KasqServer] KasqRunner::init() - IN
12-11-2017 19:48:07,621 14372:1 INFO  [com.kas.q.server.KasqServer] KAS/Q initialization in progress...
12-11-2017 19:48:07,625 14372:1 DEBUG [com.kas.q.server.KasqRepository] KasqRepository::init() - IN
12-11-2017 19:48:07,626 14372:1 DEBUG [com.kas.q.server.KasqRepository] KasqRepository::define() - IN
12-11-2017 19:48:07,626 14372:1 INFO  [com.kas.q.server.KasqRepository] Define queue with name=[local.dead] at manager=[qmgr]
12-11-2017 19:48:07,629 14372:1 DEBUG [com.kas.q.KasqDestination] KasqQueue::init() - IN, name=[local.dead]
12-11-2017 19:48:07,629 14372:1 INFO  [com.kas.q.KasqDestination] Starting initialization for local.dead
12-11-2017 19:48:07,629 14372:1 DEBUG [com.kas.q.KasqDestination] KasqQueue::init() - Check if backup file exists. Backup file=[D:\Dev\Src\java\kas\kas-q-server/repo/local.dead]...
12-11-2017 19:48:07,630 14372:1 DEBUG [com.kas.q.KasqDestination] KasqQueue::init() - OUT, Returns=true
12-11-2017 19:48:07,630 14372:1 DEBUG [com.kas.q.server.KasqRepository] KasqRepository::define() - OUT, Returns=true
12-11-2017 19:48:07,631 14372:1 DEBUG [com.kas.q.server.KasqRepository] KasqRepository::define() - IN
12-11-2017 19:48:07,631 14372:1 INFO  [com.kas.q.server.KasqRepository] Define queue with name=[local.admin] at manager=[qmgr]
12-11-2017 19:48:07,631 14372:1 DEBUG [com.kas.q.KasqDestination] KasqQueue::init() - IN, name=[local.admin]
12-11-2017 19:48:07,632 14372:1 INFO  [com.kas.q.KasqDestination] Starting initialization for local.admin
12-11-2017 19:48:07,632 14372:1 DEBUG [com.kas.q.KasqDestination] KasqQueue::init() - Check if backup file exists. Backup file=[D:\Dev\Src\java\kas\kas-q-server/repo/local.admin]...
12-11-2017 19:48:07,632 14372:1 DEBUG [com.kas.q.KasqDestination] KasqQueue::init() - OUT, Returns=true
12-11-2017 19:48:07,633 14372:1 DEBUG [com.kas.q.server.KasqRepository] KasqRepository::define() - OUT, Returns=true
12-11-2017 19:48:07,635 14372:1 DEBUG [com.kas.q.server.KasqRepository] KasqRepository::init() - OUT, Returns=true
12-11-2017 19:48:07,636 14372:1 DEBUG [com.kas.q.server.KasqServer] KasqRunner::init() - OUT, Returns=true
12-11-2017 19:48:07,636 14372:1 DEBUG [com.kas.q.server.KasqServer] KasqRunner::run() - IN
12-11-2017 19:48:07,638 14372:1 INFO  [com.kas.q.server.KasqServer] KAS/Q qmgr V1-0-1-257 started on 12-11-2017
12-11-2017 19:48:07,639 14372:1 INFO  [com.kas.q.server.KasqServer] ===========================================
12-11-2017 19:48:07,640 14372:1 TRACE [com.kas.q.server.KasqServer] <MainConfiguration>(
  Initialized=true
  ConfigDir=D:\Dev\Src\java\kas\kas-q-server/conf
  MonitoringDelay=10000 MilliSeconds
  MonitoringInterval=15000 MilliSeconds
  Properties=(<Properties>(
    kas.logging.appender.file.logLevel=DEBUG
    kas.q.queueDispatch.interval=10000
    kas.q.port=14560
    kas.logging.appender.stderr.enabled=true
    kas.logging.appender.stdout.enabled=true
    kas.logging.appender.file.maxWriteErrors=10
    kas.q.queueDispatch.delay=10000
    kas.logging.enabled=true
    kas.logging.appender.file.archive.sizeTestRate=20
    kas.container.messaging.sessions.map.size=10
    kas.q.enabled=true
    kas.logging.appender.file.enabled=true
    kas.logging.appender.file.flushRate=1
    kas.logging.appender.stdout.logLevel=DEBUG
    kas.container.messaging.topics.map.size=200
    kas.q.managerName=qmgr
    kas.q.remoteManager.qmgr1.port=14560
    kas.logging.appender.file.fileNamePattern=kas-%u-%d.log
    kas.logging.logger.com.kas.appender=file
    kas.q.remoteManager.qmgr1.host=10.100.102.31
    kas.container.messaging.queues.map.size=200
    kas.q.adminq=local.admin
    kas.q.deadq=local.dead
    kas.q.remoteManager.qmgr1.xmitq=remote.xmit.qmgr1
    kas.q.locator.port=14580
    kas.q.remoteManager.qmgr1.enabled=true
    kas.config.delay=10000
    kas.logging.appender.stderr.logLevel=ERROR
    kas.logging.appender.file.archive.maxFileSizeMb=10
    kas.config.interval=15000
    kas.logging.appender.file.archive.maxGenerations=5
    kas.include=D:\Dev\Src\java\kas\kas-q-server/conf/internal/logging.properties,D:\Dev\Src\java\kas\kas-q-server/conf/internal/messaging.properties,D:\Dev\Src\java\kas\kas-q-server/conf/kas.properties
  ))
  ConfigTask=(<ConfigTask>(
    MonitoredFiles=(
      D:\Dev\Src\java\kas\kas-q-server/conf/kas.properties=-1
      D:\Dev\Src\java\kas\kas-q-server/conf/internal/logging.properties=-1
      D:\Dev\Src\java\kas\kas-q-server/conf/internal/messaging.properties=-1
    )
  ))
  Listeners=(
    <ContainersConfiguration>
    <MessagingConfiguration>
    <LoggingConfiguration>
  )
)

12-11-2017 19:48:07,641 14372:1 TRACE [com.kas.q.server.KasqServer] Awaiting client connections...
12-11-2017 20:57:51,167 14372:14 INFO  [com.kas.q.server.internal.ShutdownHook] Signal main thread to shutdown...
